TN:
SF:src/category/domain/entities/category.ts
FN:9,get
FN:17,get name
FN:21,get description
FN:25,get isActive
FN:29,get createdAt
FN:10,Category
FNF:6
FNH:6
FNDA:2,get
FNDA:1,get name
FNDA:2,get description
FNDA:2,get isActive
FNDA:2,get createdAt
FNDA:2,Category
DA:1,1
DA:2,1
DA:3,1
DA:4,1
DA:5,1
DA:6,1
DA:7,1
DA:8,1
DA:9,1
DA:10,1
DA:11,2
DA:12,2
DA:13,2
DA:14,2
DA:15,2
DA:16,1
DA:17,1
DA:18,1
DA:19,1
DA:20,1
DA:21,1
DA:22,2
DA:23,2
DA:24,1
DA:25,1
DA:26,2
DA:27,2
DA:28,1
DA:29,1
DA:30,2
DA:31,2
DA:32,1
LF:32
LH:32
BRDA:9,0,0,2
BRDA:17,1,0,1
BRDA:21,2,0,2
BRDA:22,3,0,1
BRDA:25,4,0,2
BRDA:26,5,0,1
BRDA:29,6,0,2
BRDA:30,7,0,1
BRDA:10,8,0,2
BRDA:14,9,0,1
BRF:10
BRH:10
end_of_record
TN:
SF:src/shared/domain/unique-id-entity.vo.ts
FN:4,get
FN:10,validate
FN:5,UniqueIdEntity
FNF:3
FNH:3
FNDA:6,get
FNDA:4,validate
FNDA:4,UniqueIdEntity
DA:1,1
DA:2,1
DA:3,1
DA:4,1
DA:5,1
DA:6,4
DA:7,4
DA:8,4
DA:9,1
DA:10,1
DA:11,4
DA:12,1
DA:13,1
DA:14,4
DA:15,1
LF:15
LH:15
BRDA:4,0,0,6
BRDA:10,1,0,4
BRDA:11,2,0,1
BRDA:5,3,0,4
BRDA:6,4,0,3
BRF:5
BRH:5
end_of_record
TN:
SF:src/shared/errors/invalid-id-entity.error.ts
FN:1,get
FN:2,InvalidIdEntity
FNF:2
FNH:2
FNDA:2,get
FNDA:1,InvalidIdEntity
DA:1,1
DA:2,1
DA:3,1
DA:4,1
DA:5,1
DA:6,1
LF:6
LH:6
BRDA:1,0,0,2
BRDA:2,1,0,1
BRF:2
BRH:2
end_of_record
